c:\users\user\source\repos\portal_hack\portal_hack\debug\portalhack.pch
c:\users\user\source\repos\portal_hack\portal_hack\debug\vc143.pdb
c:\users\user\source\repos\portal_hack\portal_hack\debug\vc143.idb
c:\users\user\source\repos\portal_hack\portal_hack\debug\pch.obj
c:\users\user\source\repos\portal_hack\portal_hack\debug\portal_hack.obj
c:\users\user\source\repos\portal_hack\portal_hack\debug\dllmain.obj
c:\users\user\source\repos\portal_hack\portal_hack\debug\controlwindow.obj
c:\users\user\source\repos\portal_hack\debug\portalhack.lib
c:\users\user\source\repos\portal_hack\debug\portalhack.exp
c:\users\user\source\repos\portal_hack\debug\portalhack.dll
c:\users\user\source\repos\portal_hack\portal_hack\debug\portalhack.ilk
c:\users\user\source\repos\portal_hack\debug\portalhack.pdb
c:\users\user\source\repos\portal_hack\portal_hack\debug\portal_hack.tlog\cl.command.1.tlog
c:\users\user\source\repos\portal_hack\portal_hack\debug\portal_hack.tlog\cl.items.tlog
c:\users\user\source\repos\portal_hack\portal_hack\debug\portal_hack.tlog\cl.read.1.tlog
c:\users\user\source\repos\portal_hack\portal_hack\debug\portal_hack.tlog\cl.write.1.tlog
c:\users\user\source\repos\portal_hack\portal_hack\debug\portal_hack.tlog\link.command.1.tlog
c:\users\user\source\repos\portal_hack\portal_hack\debug\portal_hack.tlog\link.read.1.tlog
c:\users\user\source\repos\portal_hack\portal_hack\debug\portal_hack.tlog\link.write.1.tlog
c:\users\user\source\repos\portal_hack\portal_hack\debug\portal_hack.tlog\link.write.2u.tlog
